<?xml version="1.0" encoding="UTF-8"?>
<!-- Generated by org.testng.reporters.JUnitReportReporter -->
<testsuite hostname="PC-20180918EPWD" name="hu.hello" tests="1" failures="0" timestamp="14 Mar 2019 07:11:16 GMT" time="1.162" errors="0">
  <testcase name="login" time="1.162" classname="hu.hello"/>
</testsuite> <!-- hu.hello -->
